0 info it worked if it ends with ok
1 verbose cli [ 'C:\\Program Files\\nodejs\\\\node.exe',
1 verbose cli   'C:\\Program Files\\nodejs\\node_modules\\npm\\bin\\npm-cli.js',
1 verbose cli   'install',
1 verbose cli   '--save-dev',
1 verbose cli   'grunt-cil' ]
2 info using npm@1.4.28
3 info using node@v0.10.32
4 verbose node symlink C:\Program Files\nodejs\\node.exe
5 warn package.json lab401@0.0.0 No description
6 warn package.json lab401@0.0.0 No repository field.
7 warn package.json lab401@0.0.0 No README data
8 verbose readDependencies using package.json deps
9 verbose cache add [ 'grunt-cil', null ]
10 verbose cache add name=undefined spec="grunt-cil" args=["grunt-cil",null]
11 verbose parsed url { protocol: null,
11 verbose parsed url   slashes: null,
11 verbose parsed url   auth: null,
11 verbose parsed url   host: null,
11 verbose parsed url   port: null,
11 verbose parsed url   hostname: null,
11 verbose parsed url   hash: null,
11 verbose parsed url   search: null,
11 verbose parsed url   query: null,
11 verbose parsed url   pathname: 'grunt-cil',
11 verbose parsed url   path: 'grunt-cil',
11 verbose parsed url   href: 'grunt-cil' }
12 silly lockFile 15b7abfc-grunt-cil grunt-cil
13 verbose lock grunt-cil C:\Users\ch\AppData\Roaming\npm-cache\15b7abfc-grunt-cil.lock
14 silly lockFile 15b7abfc-grunt-cil grunt-cil
15 silly lockFile 15b7abfc-grunt-cil grunt-cil
16 verbose addNamed [ 'grunt-cil', '' ]
17 verbose addNamed [ null, '*' ]
18 silly lockFile eff3f7de-grunt-cil grunt-cil@
19 verbose lock grunt-cil@ C:\Users\ch\AppData\Roaming\npm-cache\eff3f7de-grunt-cil.lock
20 silly addNameRange { name: 'grunt-cil', range: '*', hasData: false }
21 verbose request where is /grunt-cil
22 verbose request registry https://registry.npmjs.org/
23 verbose request id 25f1130c93dd379e
24 verbose url raw /grunt-cil
25 verbose url resolving [ 'https://registry.npmjs.org/', './grunt-cil' ]
26 verbose url resolved https://registry.npmjs.org/grunt-cil
27 verbose request where is https://registry.npmjs.org/grunt-cil
28 info trying registry request attempt 1 at 09:05:16
29 http GET https://registry.npmjs.org/grunt-cil
30 http 404 https://registry.npmjs.org/grunt-cil
31 verbose headers { date: 'Fri, 13 Feb 2015 00:05:19 GMT',
31 verbose headers   server: 'CouchDB/1.5.0 (Erlang OTP/R16B03)',
31 verbose headers   'content-type': 'application/json',
31 verbose headers   'cache-control': 'max-age=0',
31 verbose headers   'content-length': '52',
31 verbose headers   'accept-ranges': 'bytes',
31 verbose headers   via: '1.1 varnish',
31 verbose headers   age: '0',
31 verbose headers   'x-served-by': 'cache-ty66-TYO',
31 verbose headers   'x-cache': 'MISS',
31 verbose headers   'x-cache-hits': '0',
31 verbose headers   'x-timer': 'S1423785919.029360,VS0,VE189',
31 verbose headers   'keep-alive': 'timeout=10, max=50',
31 verbose headers   connection: 'Keep-Alive' }
32 silly registry.get cb [ 404,
32 silly registry.get   { date: 'Fri, 13 Feb 2015 00:05:19 GMT',
32 silly registry.get     server: 'CouchDB/1.5.0 (Erlang OTP/R16B03)',
32 silly registry.get     'content-type': 'application/json',
32 silly registry.get     'cache-control': 'max-age=0',
32 silly registry.get     'content-length': '52',
32 silly registry.get     'accept-ranges': 'bytes',
32 silly registry.get     via: '1.1 varnish',
32 silly registry.get     age: '0',
32 silly registry.get     'x-served-by': 'cache-ty66-TYO',
32 silly registry.get     'x-cache': 'MISS',
32 silly registry.get     'x-cache-hits': '0',
32 silly registry.get     'x-timer': 'S1423785919.029360,VS0,VE189',
32 silly registry.get     'keep-alive': 'timeout=10, max=50',
32 silly registry.get     connection: 'Keep-Alive' } ]
33 silly lockFile eff3f7de-grunt-cil grunt-cil@
34 silly lockFile eff3f7de-grunt-cil grunt-cil@
35 error 404 404 Not Found: grunt-cil
35 error 404
35 error 404 'grunt-cil' is not in the npm registry.
35 error 404 You should bug the author to publish it
35 error 404 It was specified as a dependency of 'lab401'
35 error 404
35 error 404 Note that you can also install from a
35 error 404 tarball, folder, or http url, or git url.
36 error System Windows_NT 6.2.9200
37 error command "C:\\Program Files\\nodejs\\\\node.exe" "C:\\Program Files\\nodejs\\node_modules\\npm\\bin\\npm-cli.js" "install" "--save-dev" "grunt-cil"
38 error cwd C:\Users\ch\Documents\github\lab401
39 error node -v v0.10.32
40 error npm -v 1.4.28
41 error code E404
42 verbose exit [ 1, true ]
